<?xml version="1.0" encoding="UTF-8"?>
<!-- Generated by org.testng.reporters.JUnitReportReporter -->
<testsuite hostname="DESKTOP-PAQK8PM" failures="0" tests="4" name="webprj.webapp.firstTest" time="25.009" errors="0" timestamp="2022-08-04T14:41:56 IST" skipped="0">
  <testcase classname="webprj.webapp.firstTest" name="searchtexttest" time="1.911"/>
  <system-out/>
  <testcase classname="webprj.webapp.firstTest" name="signinlinktest" time="4.746"/>
  <system-out/>
  <testcase classname="webprj.webapp.firstTest" name="gmaillinktest" time="11.802"/>
  <system-out/>
  <testcase classname="webprj.webapp.firstTest" name="imglinktest" time="6.550"/>
  <system-out/>
</testsuite> <!-- webprj.webapp.firstTest -->
