<?xml version="1.0" encoding="UTF-8"?>
<!-- Generated by org.testng.reporters.JUnitReportReporter -->
<testsuite hostname="DESKTOP-PAQK8PM" failures="0" tests="4" name="webprj.webapp.secondTest" time="10.267" errors="0" timestamp="2022-08-04T14:41:56 IST" skipped="0">
  <testcase classname="webprj.webapp.secondTest" name="signin" time="2.107"/>
  <system-out/>
  <testcase classname="webprj.webapp.secondTest" name="emailtxt" time="3.102"/>
  <system-out/>
  <testcase classname="webprj.webapp.secondTest" name="emailtxt" time="2.806"/>
  <system-out/>
  <testcase classname="webprj.webapp.secondTest" name="createaccount" time="2.252"/>
  <system-out/>
</testsuite> <!-- webprj.webapp.secondTest -->
